Using pre-set license
Built from '2020.3/release' branch; Version is '2020.3.12f1 (b3b2c6512326) revision 11776710'; Using compiler version '192528614'; Build Type 'Release'
OS: 'Windows 10 Pro; OS build 19041.1415; Version 2004; 64bit' Language: 'en' Physical Memory: 8029 MB
BatchMode: 1, IsHumanControllingUs: 0, StartBugReporterOnCrash: 0, Is64bit: 1, IsPro: 0

 COMMAND LINE ARGUMENTS:
D:\Unity\Unity\2020.3.12f1\Editor\Unity.exe
-adb2
-batchMode
-noUpm
-name
AssetImportWorker1
-projectPath
D:/uniproject/MagaraJam
-logFile
Logs/AssetImportWorker1.log
-srvPort
62830
Successfully changed project path to: D:/uniproject/MagaraJam
D:/uniproject/MagaraJam
Using Asset Import Pipeline V2.
Refreshing native plugins compatible for Editor in 77.55 ms, found 3 plugins.
Preloading 0 native plugins for Editor in 0.00 ms.
Initialize engine version: 2020.3.12f1 (b3b2c6512326)
[Subsystems] Discovering subsystems at path D:/Unity/Unity/2020.3.12f1/Editor/Data/Resources/UnitySubsystems
[Subsystems] Discovering subsystems at path D:/uniproject/MagaraJam/Assets
GfxDevice: creating device client; threaded=0
Direct3D:
    Version:  Direct3D 11.0 [level 11.1]
    Renderer: NVIDIA GeForce GTX 1650 (ID=0x1f91)
    Vendor:   
    VRAM:     3962 MB
    Driver:   30.0.14.7141
Initialize mono
Mono path[0] = 'D:/Unity/Unity/2020.3.12f1/Editor/Data/Managed'
Mono path[1] = 'D:/Unity/Unity/2020.3.12f1/Editor/Data/MonoBleedingEdge/lib/mono/unityjit'
Mono config path = 'D:/Unity/Unity/2020.3.12f1/Editor/Data/MonoBleedingEdge/etc'
Using monoOptions --debugger-agent=transport=dt_socket,embedding=1,server=y,suspend=n,address=127.0.0.1:56956
Begin MonoManager ReloadAssembly
Registering precompiled unity dll's ...
Register platform support module: D:/Unity/Unity/2020.3.12f1/Editor/Data/PlaybackEngines/WindowsStandaloneSupport/UnityEditor.WindowsStandalone.Extensions.dll
Registered in 0.005943 seconds.
Native extension for WindowsStandalone target not found
Refreshing native plugins compatible for Editor in 65.48 ms, found 3 plugins.
Preloading 0 native plugins for Editor in 0.00 ms.
Mono: successfully reloaded assembly
- Completed reload, in  7.968 seconds
Platform modules already initialized, skipping
Registering precompiled user dll's ...
Registered in 0.014862 seconds.
Begin MonoManager ReloadAssembly
Native extension for WindowsStandalone target not found
Refreshing native plugins compatible for Editor in 75.95 ms, found 3 plugins.
Preloading 0 native plugins for Editor in 0.00 ms.
Mono: successfully reloaded assembly
- Completed reload, in  1.828 seconds
Platform modules already initialized, skipping
========================================================================
Worker process is ready to serve import requests
Launched and connected shader compiler UnityShaderCompiler.exe after 0.08 seconds
Refreshing native plugins compatible for Editor in 0.68 ms, found 3 plugins.
Preloading 0 native plugins for Editor in 0.00 ms.
Unloading 2387 Unused Serialized files (Serialized files now loaded: 0)
System memory in use before: 111.0 MB.
System memory in use after: 111.0 MB.

Unloading 34 unused Assets to reduce memory usage. Loaded Objects now: 2824.
Total: 3.609900 ms (FindLiveObjects: 0.444100 ms CreateObjectMapping: 0.231500 ms MarkObjects: 2.750000 ms  DeleteObjects: 0.182700 ms)

AssetImportParameters requested are different than current active one (requested -> active):
  custom:framework-win-MediaFoundation: 216162199b28c13a410421893ffa2e32 -> 
  custom:video-decoder-ogg-theora: a1e56fd34408186e4bbccfd4996cb3dc -> 
  custom:container-muxer-webm: aa71ff27fc2769a1b78a27578f13a17b -> 
  custom:container-demuxer-webm: 4f35f7cbe854078d1ac9338744f61a02 -> 
  custom:container-demuxer-ogg: 62fdf1f143b41e24485cea50d1cbac27 -> 
  custom:video-encoder-webm-vp8: eb34c28f22e8b96e1ab97ce403110664 -> 
  custom:video-decoder-webm-vp8: 9c59270c3fd7afecdb556c50c9e8de78 -> 
  custom:audio-decoder-ogg-vorbis: bf7c407c2cedff20999df2af8eb42d56 -> 
  custom:audio-encoder-webm-vorbis: bf7c407c2cedff20999df2af8eb42d56 -> 
========================================================================
Received Import Request.
  path: Assets/mgj4test.png
  artifactKey: Guid(388f0cf6b8f5d1c4eb75e317ac641bd0) Importer(815301076,1909f56bfc062723c751e8b465ee728b)
Start importing Assets/mgj4test.png using Guid(388f0cf6b8f5d1c4eb75e317ac641bd0) Importer(815301076,1909f56bfc062723c751e8b465ee728b)  -> (artifact id: '7497cccdac9c4418d3eae7c882a06991') in 0.197275 seconds 
  Import took 0.202499 seconds .

========================================================================
Received Import Request.
  Time since last request: 5.819780 seconds.
  path: Assets/JMO Assets/Cartoon FX (legacy)/Textures/CFX_ElectricSparkle.png
  artifactKey: Guid(a070c34b838259a4eb4338c1c5b753b3) Importer(815301076,1909f56bfc062723c751e8b465ee728b)
Start importing Assets/JMO Assets/Cartoon FX (legacy)/Textures/CFX_ElectricSparkle.png using Guid(a070c34b838259a4eb4338c1c5b753b3) Importer(815301076,1909f56bfc062723c751e8b465ee728b)  -> (artifact id: 'd9fb04d54e846ef4f36191690d1d756f') in 0.015599 seconds 
  Import took 0.021150 seconds .

========================================================================
Received Import Request.
  Time since last request: 0.000281 seconds.
  path: Assets/JMO Assets/Cartoon FX (legacy)/Textures/CFX_T_Anim4_SmokePuff.png
  artifactKey: Guid(749568b6b4d1e5e48a91522523f42533) Importer(815301076,1909f56bfc062723c751e8b465ee728b)
Start importing Assets/JMO Assets/Cartoon FX (legacy)/Textures/CFX_T_Anim4_SmokePuff.png using Guid(749568b6b4d1e5e48a91522523f42533) Importer(815301076,1909f56bfc062723c751e8b465ee728b)  -> (artifact id: 'fc3a2e609b3e6ffb4b0541ad2b1ab9ff') in 0.013941 seconds 
  Import took 0.019500 seconds .

========================================================================
Received Import Request.
  Time since last request: 0.000300 seconds.
  path: Assets/JMO Assets/Cartoon FX (legacy)/Textures/CFX_T_Anim4_Bubble.png
  artifactKey: Guid(12d6e56bbf4ac7a419ac250680dfae07) Importer(815301076,1909f56bfc062723c751e8b465ee728b)
Start importing Assets/JMO Assets/Cartoon FX (legacy)/Textures/CFX_T_Anim4_Bubble.png using Guid(12d6e56bbf4ac7a419ac250680dfae07) Importer(815301076,1909f56bfc062723c751e8b465ee728b)  -> (artifact id: '62ec7538def64d3dc6b82e33d53886cd') in 0.016536 seconds 
  Import took 0.023298 seconds .

========================================================================
Received Import Request.
  Time since last request: 0.000327 seconds.
  path: Assets/JMO Assets/Cartoon FX (legacy)/Textures/CFX_Fountain.png
  artifactKey: Guid(47430839ebd46094bb81bcffda4c481f) Importer(815301076,1909f56bfc062723c751e8b465ee728b)
Start importing Assets/JMO Assets/Cartoon FX (legacy)/Textures/CFX_Fountain.png using Guid(47430839ebd46094bb81bcffda4c481f) Importer(815301076,1909f56bfc062723c751e8b465ee728b)  -> (artifact id: '74e1abbb9eee5f3595e8664169361bf9') in 0.016077 seconds 
  Import took 0.021831 seconds .

========================================================================
Received Import Request.
  Time since last request: 0.000336 seconds.
  path: Assets/JMO Assets/Cartoon FX (legacy)/Textures/CFX_T_Anim4_RoundedLines.png
  artifactKey: Guid(7987b6791dff098469332588914e2c84) Importer(815301076,1909f56bfc062723c751e8b465ee728b)
Start importing Assets/JMO Assets/Cartoon FX (legacy)/Textures/CFX_T_Anim4_RoundedLines.png using Guid(7987b6791dff098469332588914e2c84) Importer(815301076,1909f56bfc062723c751e8b465ee728b)  -> (artifact id: '604ae5f6b994c25bd65ddab237d440a9') in 0.016577 seconds 
  Import took 0.022754 seconds .

========================================================================
Received Import Request.
  Time since last request: 0.000312 seconds.
  path: Assets/JMO Assets/Cartoon FX (legacy)/Textures/CFX_T_Anim4_Triangle3.png
  artifactKey: Guid(7fb1264fc225cf94bbc9edf9ad2b1020) Importer(815301076,1909f56bfc062723c751e8b465ee728b)
Start importing Assets/JMO Assets/Cartoon FX (legacy)/Textures/CFX_T_Anim4_Triangle3.png using Guid(7fb1264fc225cf94bbc9edf9ad2b1020) Importer(815301076,1909f56bfc062723c751e8b465ee728b)  -> (artifact id: 'bcb5c68864e37e82ff3ab6abfc6f5271') in 0.013578 seconds 
  Import took 0.018870 seconds .

========================================================================
Received Import Request.
  Time since last request: 0.000305 seconds.
  path: Assets/JMO Assets/Cartoon FX (legacy)/Textures/CFX_T_Anim7_Electricity.png
  artifactKey: Guid(67b0a4cd4c72b86469e7ca179598fcaf) Importer(815301076,1909f56bfc062723c751e8b465ee728b)
Start importing Assets/JMO Assets/Cartoon FX (legacy)/Textures/CFX_T_Anim7_Electricity.png using Guid(67b0a4cd4c72b86469e7ca179598fcaf) Importer(815301076,1909f56bfc062723c751e8b465ee728b)  -> (artifact id: 'f98d241fe3a8ad1ef8cd791907139a39') in 0.016978 seconds 
  Import took 0.024251 seconds .

========================================================================
Received Import Request.
  Time since last request: 0.000403 seconds.
  path: Assets/JMO Assets/Cartoon FX (legacy)/Textures/CFX_T_Anim4_Triangle1.png
  artifactKey: Guid(457b1e2e96148da47ac7049226511eff) Importer(815301076,1909f56bfc062723c751e8b465ee728b)
Start importing Assets/JMO Assets/Cartoon FX (legacy)/Textures/CFX_T_Anim4_Triangle1.png using Guid(457b1e2e96148da47ac7049226511eff) Importer(815301076,1909f56bfc062723c751e8b465ee728b)  -> (artifact id: 'ae3a8406daee59466c830274f3b91ad3') in 0.016563 seconds 
  Import took 0.023631 seconds .

========================================================================
Received Import Request.
  Time since last request: 39.829456 seconds.
  path: Assets/TextMesh Pro/Resources/Fonts & Materials/LiberationSans SDF - Fallback.asset
  artifactKey: Guid(2e498d1c8094910479dc3e1b768306a4) Importer(815301076,1909f56bfc062723c751e8b465ee728b)
Start importing Assets/TextMesh Pro/Resources/Fonts & Materials/LiberationSans SDF - Fallback.asset using Guid(2e498d1c8094910479dc3e1b768306a4) Importer(815301076,1909f56bfc062723c751e8b465ee728b)  -> (artifact id: '268cf435ea801286218584e1601ed797') in 0.131836 seconds 
  Import took 0.139891 seconds .

========================================================================
Received Import Request.
  Time since last request: 0.008508 seconds.
  path: Assets/TextMesh Pro/Resources/Fonts & Materials/LiberationSans SDF - Fallback.asset
  artifactKey: Guid(2e498d1c8094910479dc3e1b768306a4) Importer(815301076,1909f56bfc062723c751e8b465ee728b)
Start importing Assets/TextMesh Pro/Resources/Fonts & Materials/LiberationSans SDF - Fallback.asset using Guid(2e498d1c8094910479dc3e1b768306a4) Importer(815301076,1909f56bfc062723c751e8b465ee728b)  -> (artifact id: '268cf435ea801286218584e1601ed797') in 0.021159 seconds 
  Import took 0.026781 seconds .

========================================================================
Received Import Request.
  Time since last request: 19.872901 seconds.
  path: Assets/TextMesh Pro/Sprites/EmojiOne.png
  artifactKey: Guid(dffef66376be4fa480fb02b19edbe903) Importer(815301076,1909f56bfc062723c751e8b465ee728b)
Start importing Assets/TextMesh Pro/Sprites/EmojiOne.png using Guid(dffef66376be4fa480fb02b19edbe903) Importer(815301076,1909f56bfc062723c751e8b465ee728b)  -> (artifact id: 'd78a27303d38c5bc73b55289faa0930d') in 0.014859 seconds 
  Import took 0.021198 seconds .

========================================================================
Received Import Request.
  Time since last request: 0.422832 seconds.
  path: Assets/JMO Assets/Cartoon FX Remaster/CFXR Assets/Graphics/cfxr water small splash hollow stretch.png
  artifactKey: Guid(bfbd5d193a2416e4c8cfb696eaf6252f) Importer(815301076,1909f56bfc062723c751e8b465ee728b)
Start importing Assets/JMO Assets/Cartoon FX Remaster/CFXR Assets/Graphics/cfxr water small splash hollow stretch.png using Guid(bfbd5d193a2416e4c8cfb696eaf6252f) Importer(815301076,1909f56bfc062723c751e8b465ee728b)  -> (artifact id: '6339ef32fd3ed031fc5a983081326673') in 0.015414 seconds 
  Import took 0.021731 seconds .

========================================================================
Received Import Request.
  Time since last request: 0.000334 seconds.
  path: Assets/JMO Assets/Cartoon FX Remaster/CFXR Assets/Graphics/cfxr water small splash stretch.png
  artifactKey: Guid(86831a029ed34ee44a572951013dc93d) Importer(815301076,1909f56bfc062723c751e8b465ee728b)
Start importing Assets/JMO Assets/Cartoon FX Remaster/CFXR Assets/Graphics/cfxr water small splash stretch.png using Guid(86831a029ed34ee44a572951013dc93d) Importer(815301076,1909f56bfc062723c751e8b465ee728b)  -> (artifact id: 'a96659667bb325f912682cf995010292') in 0.014176 seconds 
  Import took 0.019605 seconds .

========================================================================
Received Import Request.
  Time since last request: 0.307784 seconds.
  path: Assets/JMO Assets/Cartoon FX Remaster/CFXR Assets/Graphics/cfxr water drop blur anim.png
  artifactKey: Guid(a6a0e0bc1c42998409e62e44a50cd816) Importer(815301076,1909f56bfc062723c751e8b465ee728b)
Start importing Assets/JMO Assets/Cartoon FX Remaster/CFXR Assets/Graphics/cfxr water drop blur anim.png using Guid(a6a0e0bc1c42998409e62e44a50cd816) Importer(815301076,1909f56bfc062723c751e8b465ee728b)  -> (artifact id: 'ca42a81fa0e3dedfdeaf16a89c467088') in 0.015439 seconds 
  Import took 0.021003 seconds .

========================================================================
Received Import Request.
  Time since last request: 0.000267 seconds.
  path: Assets/JMO Assets/Cartoon FX Remaster/CFXR Assets/Graphics/cfxr water foam.png
  artifactKey: Guid(2f6e48026c6d24d4d8e7fc74722c663c) Importer(815301076,1909f56bfc062723c751e8b465ee728b)
Start importing Assets/JMO Assets/Cartoon FX Remaster/CFXR Assets/Graphics/cfxr water foam.png using Guid(2f6e48026c6d24d4d8e7fc74722c663c) Importer(815301076,1909f56bfc062723c751e8b465ee728b)  -> (artifact id: 'ba59d965d2878ddf2db60740874f9d25') in 0.014763 seconds 
  Import took 0.020405 seconds .

========================================================================
Received Import Request.
  Time since last request: 0.000565 seconds.
  path: Assets/JMO Assets/Cartoon FX Remaster/CFXR Assets/Graphics/cfxr uv distortion fire smudge.png
  artifactKey: Guid(74db0952acdd7ba488d3d0b114954504) Importer(815301076,1909f56bfc062723c751e8b465ee728b)
Start importing Assets/JMO Assets/Cartoon FX Remaster/CFXR Assets/Graphics/cfxr uv distortion fire smudge.png using Guid(74db0952acdd7ba488d3d0b114954504) Importer(815301076,1909f56bfc062723c751e8b465ee728b)  -> (artifact id: 'c92ea8630d7721b2df0f34c7c0295d70') in 0.013053 seconds 
  Import took 0.019373 seconds .

========================================================================
Received Import Request.
  Time since last request: 0.000277 seconds.
  path: Assets/JMO Assets/Cartoon FX Remaster/CFXR Assets/Graphics/cfxr uv distortion fire perlin.png
  artifactKey: Guid(7c423e707e7388d4f951b065d66bf7dd) Importer(815301076,1909f56bfc062723c751e8b465ee728b)
Start importing Assets/JMO Assets/Cartoon FX Remaster/CFXR Assets/Graphics/cfxr uv distortion fire perlin.png using Guid(7c423e707e7388d4f951b065d66bf7dd) Importer(815301076,1909f56bfc062723c751e8b465ee728b)  -> (artifact id: '94e589879c9bd0c8d62b7799f6e34513') in 0.016881 seconds 
  Import took 0.024042 seconds .

========================================================================
Received Import Request.
  Time since last request: 0.012403 seconds.
  path: Assets/JMO Assets/Cartoon FX Remaster/CFXR Assets/Graphics/cfxr uv distortion fire smudge.png
  artifactKey: Guid(74db0952acdd7ba488d3d0b114954504) Importer(815301076,1909f56bfc062723c751e8b465ee728b)
Start importing Assets/JMO Assets/Cartoon FX Remaster/CFXR Assets/Graphics/cfxr uv distortion fire smudge.png using Guid(74db0952acdd7ba488d3d0b114954504) Importer(815301076,1909f56bfc062723c751e8b465ee728b)  -> (artifact id: 'c92ea8630d7721b2df0f34c7c0295d70') in 0.012827 seconds 
  Import took 0.020114 seconds .

========================================================================
Received Import Request.
  Time since last request: 0.041830 seconds.
  path: Assets/JMO Assets/Cartoon FX Remaster/CFXR Assets/Graphics/cfxr stretch trait.png
  artifactKey: Guid(851bab4bc28a67d47b301a47a0b7ba7f) Importer(815301076,1909f56bfc062723c751e8b465ee728b)
Start importing Assets/JMO Assets/Cartoon FX Remaster/CFXR Assets/Graphics/cfxr stretch trait.png using Guid(851bab4bc28a67d47b301a47a0b7ba7f) Importer(815301076,1909f56bfc062723c751e8b465ee728b)  -> (artifact id: 'd32108cc5be0219da8fac053911fe675') in 0.016226 seconds 
  Import took 0.022642 seconds .

========================================================================
Received Import Request.
  Time since last request: 0.000271 seconds.
  path: Assets/JMO Assets/Cartoon FX Remaster/CFXR Assets/Graphics/cfxr stretch trait blur.png
  artifactKey: Guid(acdb793533f4e154c9ba0b0f665f5445) Importer(815301076,1909f56bfc062723c751e8b465ee728b)
Start importing Assets/JMO Assets/Cartoon FX Remaster/CFXR Assets/Graphics/cfxr stretch trait blur.png using Guid(acdb793533f4e154c9ba0b0f665f5445) Importer(815301076,1909f56bfc062723c751e8b465ee728b)  -> (artifact id: 'c8a87bbe4b6cd521c08b7c0f9deb9367') in 0.017436 seconds 
  Import took 0.022489 seconds .

========================================================================
Received Import Request.
  Time since last request: 0.011236 seconds.
  path: Assets/JMO Assets/Cartoon FX Remaster/CFXR Assets/Graphics/cfxr stretch trait blur.png
  artifactKey: Guid(acdb793533f4e154c9ba0b0f665f5445) Importer(815301076,1909f56bfc062723c751e8b465ee728b)
Start importing Assets/JMO Assets/Cartoon FX Remaster/CFXR Assets/Graphics/cfxr stretch trait blur.png using Guid(acdb793533f4e154c9ba0b0f665f5445) Importer(815301076,1909f56bfc062723c751e8b465ee728b)  -> (artifact id: 'c8a87bbe4b6cd521c08b7c0f9deb9367') in 0.011750 seconds 
  Import took 0.016992 seconds .

========================================================================
Received Import Request.
  Time since last request: 0.119206 seconds.
  path: Assets/JMO Assets/Cartoon FX Remaster/CFXR Assets/Graphics/cfxr stretch sipkes blur x2.png
  artifactKey: Guid(646bf55dbf79b3f449a60721bdc705f7) Importer(815301076,1909f56bfc062723c751e8b465ee728b)
Start importing Assets/JMO Assets/Cartoon FX Remaster/CFXR Assets/Graphics/cfxr stretch sipkes blur x2.png using Guid(646bf55dbf79b3f449a60721bdc705f7) Importer(815301076,1909f56bfc062723c751e8b465ee728b)  -> (artifact id: 'c6c4fdf8dd00c2ab9da788d390f104dc') in 0.013391 seconds 
  Import took 0.018096 seconds .

========================================================================
Received Import Request.
  Time since last request: 0.000325 seconds.
  path: Assets/JMO Assets/Cartoon FX Remaster/CFXR Assets/Graphics/cfxr stretch smoke arc dissolve.png
  artifactKey: Guid(e79e0214c94f11d48a90f90768737ef9) Importer(815301076,1909f56bfc062723c751e8b465ee728b)
Start importing Assets/JMO Assets/Cartoon FX Remaster/CFXR Assets/Graphics/cfxr stretch smoke arc dissolve.png using Guid(e79e0214c94f11d48a90f90768737ef9) Importer(815301076,1909f56bfc062723c751e8b465ee728b)  -> (artifact id: '40554361f10f19583435f71e82e6a883') in 0.013064 seconds 
  Import took 0.018917 seconds .

========================================================================
Received Import Request.
  Time since last request: 0.000297 seconds.
  path: Assets/JMO Assets/Cartoon FX Remaster/CFXR Assets/Graphics/cfxr stretch sipkes dissolve x2.png
  artifactKey: Guid(e602f08edb29fdd4ebee9cadcb97354c) Importer(815301076,1909f56bfc062723c751e8b465ee728b)
Start importing Assets/JMO Assets/Cartoon FX Remaster/CFXR Assets/Graphics/cfxr stretch sipkes dissolve x2.png using Guid(e602f08edb29fdd4ebee9cadcb97354c) Importer(815301076,1909f56bfc062723c751e8b465ee728b)  -> (artifact id: '923de22aea13939beb625971e8cd42e0') in 0.018063 seconds 
  Import took 0.024263 seconds .

========================================================================
Received Import Request.
  Time since last request: 0.000850 seconds.
  path: Assets/JMO Assets/Cartoon FX Remaster/CFXR Assets/Graphics/cfxr stretch smoke arc.png
  artifactKey: Guid(aee727f4833685e4b989448e47b815ef) Importer(815301076,1909f56bfc062723c751e8b465ee728b)
Start importing Assets/JMO Assets/Cartoon FX Remaster/CFXR Assets/Graphics/cfxr stretch smoke arc.png using Guid(aee727f4833685e4b989448e47b815ef) Importer(815301076,1909f56bfc062723c751e8b465ee728b)  -> (artifact id: '0d5c1f16c3ee00b4728ed1520e8952d9') in 0.018691 seconds 
  Import took 0.025576 seconds .

========================================================================
Received Import Request.
  Time since last request: 0.000299 seconds.
  path: Assets/JMO Assets/Cartoon FX Remaster/CFXR Assets/Graphics/cfxr stretch sipkes dissolve smooth x2.png
  artifactKey: Guid(e8b834b74904e894bb4ecee603370bec) Importer(815301076,1909f56bfc062723c751e8b465ee728b)
Start importing Assets/JMO Assets/Cartoon FX Remaster/CFXR Assets/Graphics/cfxr stretch sipkes dissolve smooth x2.png using Guid(e8b834b74904e894bb4ecee603370bec) Importer(815301076,1909f56bfc062723c751e8b465ee728b)  -> (artifact id: 'dd757023062405f0c6b716c1865ae383') in 0.014705 seconds 
  Import took 0.021219 seconds .

========================================================================
Received Import Request.
  Time since last request: 0.000274 seconds.
  path: Assets/JMO Assets/Cartoon FX Remaster/CFXR Assets/Graphics/cfxr stretch sipkes x2.png
  artifactKey: Guid(5a1e6e59577f67c4a9ce04f247ba9cd8) Importer(815301076,1909f56bfc062723c751e8b465ee728b)
Start importing Assets/JMO Assets/Cartoon FX Remaster/CFXR Assets/Graphics/cfxr stretch sipkes x2.png using Guid(5a1e6e59577f67c4a9ce04f247ba9cd8) Importer(815301076,1909f56bfc062723c751e8b465ee728b)  -> (artifact id: 'beddd301eb333a968ece4402527ebb56') in 0.016813 seconds 
  Import took 0.023058 seconds .

========================================================================
Received Import Request.
  Time since last request: 0.008061 seconds.
  path: Assets/JMO Assets/Cartoon FX Remaster/CFXR Assets/Graphics/cfxr stretch sipkes x2.png
  artifactKey: Guid(5a1e6e59577f67c4a9ce04f247ba9cd8) Importer(815301076,1909f56bfc062723c751e8b465ee728b)
Start importing Assets/JMO Assets/Cartoon FX Remaster/CFXR Assets/Graphics/cfxr stretch sipkes x2.png using Guid(5a1e6e59577f67c4a9ce04f247ba9cd8) Importer(815301076,1909f56bfc062723c751e8b465ee728b)  -> (artifact id: 'beddd301eb333a968ece4402527ebb56') in 0.016587 seconds 
  Import took 0.021709 seconds .

========================================================================
Received Import Request.
  Time since last request: 0.745609 seconds.
  path: Assets/JMO Assets/Cartoon FX Remaster/CFXR Assets/Graphics/cfxr star blurred.png
  artifactKey: Guid(33a57f503c2907f45914f326df7fb72e) Importer(815301076,1909f56bfc062723c751e8b465ee728b)
Start importing Assets/JMO Assets/Cartoon FX Remaster/CFXR Assets/Graphics/cfxr star blurred.png using Guid(33a57f503c2907f45914f326df7fb72e) Importer(815301076,1909f56bfc062723c751e8b465ee728b)  -> (artifact id: '125103c1fb2cff8987e894b1556c042e') in 0.017066 seconds 
  Import took 0.022198 seconds .

========================================================================
Received Import Request.
  Time since last request: 0.000372 seconds.
  path: Assets/JMO Assets/Cartoon FX Remaster/CFXR Assets/Graphics/cfxr stretch ray blur.png
  artifactKey: Guid(ea08f0da7f459e147ba80e6dd6e38bb9) Importer(815301076,1909f56bfc062723c751e8b465ee728b)
Start importing Assets/JMO Assets/Cartoon FX Remaster/CFXR Assets/Graphics/cfxr stretch ray blur.png using Guid(ea08f0da7f459e147ba80e6dd6e38bb9) Importer(815301076,1909f56bfc062723c751e8b465ee728b)  -> (artifact id: '85093a7e443ef8414fac413b3e32aaad') in 0.013837 seconds 
  Import took 0.019434 seconds .

========================================================================
Received Import Request.
  Time since last request: 0.000310 seconds.
  path: Assets/JMO Assets/Cartoon FX Remaster/CFXR Assets/Graphics/cfxr spikes impact.png
  artifactKey: Guid(ac41fdcd17fc3634c80841c01775dd35) Importer(815301076,1909f56bfc062723c751e8b465ee728b)
Start importing Assets/JMO Assets/Cartoon FX Remaster/CFXR Assets/Graphics/cfxr spikes impact.png using Guid(ac41fdcd17fc3634c80841c01775dd35) Importer(815301076,1909f56bfc062723c751e8b465ee728b)  -> (artifact id: 'a379143b25610318cda9e7c2fb744cf5') in 0.013539 seconds 
  Import took 0.018722 seconds .

========================================================================
Received Import Request.
  Time since last request: 0.000272 seconds.
  path: Assets/JMO Assets/Cartoon FX Remaster/CFXR Assets/Graphics/cfxr spikes impact dissolve.png
  artifactKey: Guid(1e72721b1694d9941876dee6ff532672) Importer(815301076,1909f56bfc062723c751e8b465ee728b)
Start importing Assets/JMO Assets/Cartoon FX Remaster/CFXR Assets/Graphics/cfxr spikes impact dissolve.png using Guid(1e72721b1694d9941876dee6ff532672) Importer(815301076,1909f56bfc062723c751e8b465ee728b)  -> (artifact id: 'acde9d15dc2725854b56dfd80be41b12') in 0.016503 seconds 
  Import took 0.021636 seconds .

========================================================================
Received Import Request.
  Time since last request: 0.000347 seconds.
  path: Assets/JMO Assets/Cartoon FX Remaster/CFXR Assets/Graphics/cfxr spikes half impact gradient.png
  artifactKey: Guid(0507e48ffacf40549a96d4efaa55672a) Importer(815301076,1909f56bfc062723c751e8b465ee728b)
Start importing Assets/JMO Assets/Cartoon FX Remaster/CFXR Assets/Graphics/cfxr spikes half impact gradient.png using Guid(0507e48ffacf40549a96d4efaa55672a) Importer(815301076,1909f56bfc062723c751e8b465ee728b)  -> (artifact id: '422393a3f4a5588df6f7a5d579040c92') in 0.017051 seconds 
  Import took 0.022989 seconds .

========================================================================
Received Import Request.
  Time since last request: 0.000293 seconds.
  path: Assets/JMO Assets/Cartoon FX Remaster/CFXR Assets/Graphics/cfxr star.png
  artifactKey: Guid(2e87876b19af3de43947a0cb28d5a578) Importer(815301076,1909f56bfc062723c751e8b465ee728b)
Start importing Assets/JMO Assets/Cartoon FX Remaster/CFXR Assets/Graphics/cfxr star.png using Guid(2e87876b19af3de43947a0cb28d5a578) Importer(815301076,1909f56bfc062723c751e8b465ee728b)  -> (artifact id: '5f902e69d5b68fd689fca48a9a57ed77') in 0.016945 seconds 
  Import took 0.024563 seconds .

========================================================================
Received Import Request.
  Time since last request: 0.000360 seconds.
  path: Assets/JMO Assets/Cartoon FX Remaster/CFXR Assets/Graphics/cfxr smoke cloud x4 dissolve.png
  artifactKey: Guid(c1819aef53deedf40af80257ccb5b1a8) Importer(815301076,1909f56bfc062723c751e8b465ee728b)
Start importing Assets/JMO Assets/Cartoon FX Remaster/CFXR Assets/Graphics/cfxr smoke cloud x4 dissolve.png using Guid(c1819aef53deedf40af80257ccb5b1a8) Importer(815301076,1909f56bfc062723c751e8b465ee728b)  -> (artifact id: '36058b80a7a51f31d1429e653c561a39') in 0.020781 seconds 
  Import took 0.027846 seconds .

========================================================================
Received Import Request.
  Time since last request: 0.000392 seconds.
  path: Assets/JMO Assets/Cartoon FX Remaster/CFXR Assets/Graphics/cfxr smoke cloud corner dissolve.png
  artifactKey: Guid(70e59802148656040a785d8510ecc501) Importer(815301076,1909f56bfc062723c751e8b465ee728b)
Start importing Assets/JMO Assets/Cartoon FX Remaster/CFXR Assets/Graphics/cfxr smoke cloud corner dissolve.png using Guid(70e59802148656040a785d8510ecc501) Importer(815301076,1909f56bfc062723c751e8b465ee728b)  -> (artifact id: '48c283e70ce9dc16c9011f270b0b95f2') in 0.023104 seconds 
  Import took 0.029403 seconds .

========================================================================
Received Import Request.
  Time since last request: 0.000336 seconds.
  path: Assets/JMO Assets/Cartoon FX Remaster/CFXR Assets/Graphics/cfxr smoke cloud corner.png
  artifactKey: Guid(3a251e9a9a7bb9e4f9806508ee938106) Importer(815301076,1909f56bfc062723c751e8b465ee728b)
Start importing Assets/JMO Assets/Cartoon FX Remaster/CFXR Assets/Graphics/cfxr smoke cloud corner.png using Guid(3a251e9a9a7bb9e4f9806508ee938106) Importer(815301076,1909f56bfc062723c751e8b465ee728b)  -> (artifact id: '4868edf924cee0f5bdb971eab4e48bbb') in 0.016910 seconds 
  Import took 0.022640 seconds .

========================================================================
Received Import Request.
  Time since last request: 0.000339 seconds.
  path: Assets/JMO Assets/Cartoon FX Remaster/CFXR Assets/Graphics/cfxr electric small anim2 7x2.png
  artifactKey: Guid(f26118f31cdd28d4a925ca12705e1519) Importer(815301076,1909f56bfc062723c751e8b465ee728b)
Start importing Assets/JMO Assets/Cartoon FX Remaster/CFXR Assets/Graphics/cfxr electric small anim2 7x2.png using Guid(f26118f31cdd28d4a925ca12705e1519) Importer(815301076,1909f56bfc062723c751e8b465ee728b)  -> (artifact id: '1e596d4d975ab628cdcfa77cb6390aa6') in 0.016642 seconds 
  Import took 0.023667 seconds .

========================================================================
Received Import Request.
  Time since last request: 0.000309 seconds.
  path: Assets/JMO Assets/Cartoon FX (legacy)/Textures (Mobile)/CFXM_T_WhiteCircleSmall.png
  artifactKey: Guid(8b61535684d3b3243a077d250c9c1c33) Importer(815301076,1909f56bfc062723c751e8b465ee728b)
Start importing Assets/JMO Assets/Cartoon FX (legacy)/Textures (Mobile)/CFXM_T_WhiteCircleSmall.png using Guid(8b61535684d3b3243a077d250c9c1c33) Importer(815301076,1909f56bfc062723c751e8b465ee728b)  -> (artifact id: 'e6d48406d0a4b88ee32ced500478cbdc') in 0.019092 seconds 
  Import took 0.024743 seconds .

========================================================================
Received Import Request.
  Time since last request: 0.000272 seconds.
  path: Assets/JMO Assets/Cartoon FX (legacy)/Textures (Mobile)/CFXM_T_Flame1_ABP.tga
  artifactKey: Guid(8e78624f7d4c5c14185da17057891f3e) Importer(815301076,1909f56bfc062723c751e8b465ee728b)
Start importing Assets/JMO Assets/Cartoon FX (legacy)/Textures (Mobile)/CFXM_T_Flame1_ABP.tga using Guid(8e78624f7d4c5c14185da17057891f3e) Importer(815301076,1909f56bfc062723c751e8b465ee728b)  -> (artifact id: '7ee80c6498473af52346e128595e0b86') in 0.024116 seconds 
  Import took 0.029811 seconds .

========================================================================
Received Import Request.
  Time since last request: 0.000286 seconds.
  path: Assets/JMO Assets/Cartoon FX (legacy)/Textures (Mobile)/CFXM_T_Flame2_BW_AB.png
  artifactKey: Guid(d54463d38eed885408567fe3d1226e70) Importer(815301076,1909f56bfc062723c751e8b465ee728b)
Start importing Assets/JMO Assets/Cartoon FX (legacy)/Textures (Mobile)/CFXM_T_Flame2_BW_AB.png using Guid(d54463d38eed885408567fe3d1226e70) Importer(815301076,1909f56bfc062723c751e8b465ee728b)  -> (artifact id: '87cb869bd6861e00ab507cd2360cee54') in 0.017001 seconds 
  Import took 0.023019 seconds .

========================================================================
Received Import Request.
  Time since last request: 0.000473 seconds.
  path: Assets/JMO Assets/Cartoon FX (legacy)/Textures (Mobile)/CFXM_T_Flame2.png
  artifactKey: Guid(40bb61e7f4a043548ac95633f257904f) Importer(815301076,1909f56bfc062723c751e8b465ee728b)
Start importing Assets/JMO Assets/Cartoon FX (legacy)/Textures (Mobile)/CFXM_T_Flame2.png using Guid(40bb61e7f4a043548ac95633f257904f) Importer(815301076,1909f56bfc062723c751e8b465ee728b)  -> (artifact id: 'c4d988987295ce3027853752c182aa7e') in 0.016524 seconds 
  Import took 0.023657 seconds .

========================================================================
Received Import Request.
  Time since last request: 0.000332 seconds.
  path: Assets/JMO Assets/Cartoon FX (legacy)/Textures (Mobile)/CFXM_T_Flame3_BW.png
  artifactKey: Guid(a9429033dae8e0648957e16f635b6e5c) Importer(815301076,1909f56bfc062723c751e8b465ee728b)
Start importing Assets/JMO Assets/Cartoon FX (legacy)/Textures (Mobile)/CFXM_T_Flame3_BW.png using Guid(a9429033dae8e0648957e16f635b6e5c) Importer(815301076,1909f56bfc062723c751e8b465ee728b)  -> (artifact id: 'f94e02b1cc91a4944a3479ba4db564c2') in 0.013713 seconds 
  Import took 0.018803 seconds .

========================================================================
Received Import Request.
  Time since last request: 0.000234 seconds.
  path: Assets/JMO Assets/Cartoon FX Remaster/CFXR Assets/Graphics/cfxr electric arcs fade x4.png
  artifactKey: Guid(90641168f18ed794b9d271029cb78069) Importer(815301076,1909f56bfc062723c751e8b465ee728b)
Start importing Assets/JMO Assets/Cartoon FX Remaster/CFXR Assets/Graphics/cfxr electric arcs fade x4.png using Guid(90641168f18ed794b9d271029cb78069) Importer(815301076,1909f56bfc062723c751e8b465ee728b)  -> (artifact id: 'a90731e7855622d52bb92168b7ff6621') in 0.015811 seconds 
  Import took 0.021206 seconds .

========================================================================
Received Import Request.
  Time since last request: 0.000246 seconds.
  path: Assets/JMO Assets/Cartoon FX (legacy)/Textures (Mobile)/CFXM_T_Flame3.png
  artifactKey: Guid(ac32706ce8d146c40910f8820fb0f6c8) Importer(815301076,1909f56bfc062723c751e8b465ee728b)
Start importing Assets/JMO Assets/Cartoon FX (legacy)/Textures (Mobile)/CFXM_T_Flame3.png using Guid(ac32706ce8d146c40910f8820fb0f6c8) Importer(815301076,1909f56bfc062723c751e8b465ee728b)  -> (artifact id: '90f8e9605af42963a79ebc2ac0e9d09e') in 0.015109 seconds 
  Import took 0.021825 seconds .

========================================================================
Received Import Request.
  Time since last request: 0.000354 seconds.
  path: Assets/JMO Assets/Cartoon FX Remaster/CFXR Assets/Graphics/cfxr electric arcs x4.png
  artifactKey: Guid(5e6ca8f19188f064ebdcc1a69545d8f4) Importer(815301076,1909f56bfc062723c751e8b465ee728b)
Start importing Assets/JMO Assets/Cartoon FX Remaster/CFXR Assets/Graphics/cfxr electric arcs x4.png using Guid(5e6ca8f19188f064ebdcc1a69545d8f4) Importer(815301076,1909f56bfc062723c751e8b465ee728b)  -> (artifact id: '87e0d3e464ccfce97b42e23e8be4a455') in 0.019877 seconds 
  Import took 0.026116 seconds .

========================================================================
Received Import Request.
  Time since last request: 0.000317 seconds.
  path: Assets/JMO Assets/Cartoon FX (legacy)/Textures (Mobile)/CFXM_T_Flame1_BW_AB.png
  artifactKey: Guid(9b6eaa16a5785824ea3a835d93eda47c) Importer(815301076,1909f56bfc062723c751e8b465ee728b)
Start importing Assets/JMO Assets/Cartoon FX (legacy)/Textures (Mobile)/CFXM_T_Flame1_BW_AB.png using Guid(9b6eaa16a5785824ea3a835d93eda47c) Importer(815301076,1909f56bfc062723c751e8b465ee728b)  -> (artifact id: '33795e87a7851867bc768857914d3130') in 0.016279 seconds 
  Import took 0.022494 seconds .

========================================================================
Received Import Request.
  Time since last request: 0.000315 seconds.
  path: Assets/JMO Assets/Cartoon FX (legacy)/Textures/CFX_T_Flame1_ABP.tga
  artifactKey: Guid(c05e2ace26b44c34c8012474ae4faf44) Importer(815301076,1909f56bfc062723c751e8b465ee728b)
Start importing Assets/JMO Assets/Cartoon FX (legacy)/Textures/CFX_T_Flame1_ABP.tga using Guid(c05e2ace26b44c34c8012474ae4faf44) Importer(815301076,1909f56bfc062723c751e8b465ee728b)  -> (artifact id: '53d5bbdad85ff3c98fab0f2557939e77') in 0.019351 seconds 
  Import took 0.026829 seconds .

========================================================================
Received Import Request.
  Time since last request: 0.000274 seconds.
  path: Assets/JMO Assets/Cartoon FX (legacy)/Textures/CFX_T_Bubble.png
  artifactKey: Guid(fd5f77db0b1cae745bf2d8b8df194861) Importer(815301076,1909f56bfc062723c751e8b465ee728b)
Start importing Assets/JMO Assets/Cartoon FX (legacy)/Textures/CFX_T_Bubble.png using Guid(fd5f77db0b1cae745bf2d8b8df194861) Importer(815301076,1909f56bfc062723c751e8b465ee728b)  -> (artifact id: '5c6e636aaf157d0e31003ab6c1d62b7d') in 0.020028 seconds 
  Import took 0.025522 seconds .

========================================================================
Received Import Request.
  Time since last request: 0.000414 seconds.
  path: Assets/JMO Assets/Cartoon FX (legacy)/Textures/CFX_T_Flame2.png
  artifactKey: Guid(8def8feb1743378469f26ba075691825) Importer(815301076,1909f56bfc062723c751e8b465ee728b)
Start importing Assets/JMO Assets/Cartoon FX (legacy)/Textures/CFX_T_Flame2.png using Guid(8def8feb1743378469f26ba075691825) Importer(815301076,1909f56bfc062723c751e8b465ee728b)  -> (artifact id: '747a5026a67bfe80510b3ca903d86877') in 0.019563 seconds 
  Import took 0.024771 seconds .

========================================================================
Received Import Request.
  Time since last request: 0.000239 seconds.
  path: Assets/JMO Assets/Cartoon FX (legacy)/Textures (Mobile)/CFXM_T_Flame1_BW.png
  artifactKey: Guid(84b5364419c05d84d9b9b448200ec6c3) Importer(815301076,1909f56bfc062723c751e8b465ee728b)
Start importing Assets/JMO Assets/Cartoon FX (legacy)/Textures (Mobile)/CFXM_T_Flame1_BW.png using Guid(84b5364419c05d84d9b9b448200ec6c3) Importer(815301076,1909f56bfc062723c751e8b465ee728b)  -> (artifact id: '7f37bb8aae6f48f7be62e9c445d2b759') in 0.017503 seconds 
  Import took 0.022978 seconds .

========================================================================
Received Import Request.
  Time since last request: 0.000499 seconds.
  path: Assets/JMO Assets/Cartoon FX Remaster/CFXR Assets/Graphics/cfxr electric spark.png
  artifactKey: Guid(3cc6081aa8e628d49bc8c5fcbc8d6a9f) Importer(815301076,1909f56bfc062723c751e8b465ee728b)
Start importing Assets/JMO Assets/Cartoon FX Remaster/CFXR Assets/Graphics/cfxr electric spark.png using Guid(3cc6081aa8e628d49bc8c5fcbc8d6a9f) Importer(815301076,1909f56bfc062723c751e8b465ee728b)  -> (artifact id: '5025315f874f6c65f4b91d8df550e875') in 0.015986 seconds 
  Import took 0.023800 seconds .

========================================================================
Received Import Request.
  Time since last request: 0.000301 seconds.
  path: Assets/JMO Assets/Cartoon FX (legacy)/Textures/CFX_T_Ripple.png
  artifactKey: Guid(8ac4371e521dca847a52403df09e80d7) Importer(815301076,1909f56bfc062723c751e8b465ee728b)
Start importing Assets/JMO Assets/Cartoon FX (legacy)/Textures/CFX_T_Ripple.png using Guid(8ac4371e521dca847a52403df09e80d7) Importer(815301076,1909f56bfc062723c751e8b465ee728b)  -> (artifact id: '1b3735c93c8c906b645fb5b1370659f3') in 0.016859 seconds 
  Import took 0.023480 seconds .

========================================================================
Received Import Request.
  Time since last request: 0.000282 seconds.
  path: Assets/JMO Assets/Cartoon FX (legacy)/Textures/CFX_T_Ray.png
  artifactKey: Guid(2a23c90b6f28bf849a5ac28e2e9e6e41) Importer(815301076,1909f56bfc062723c751e8b465ee728b)
Start importing Assets/JMO Assets/Cartoon FX (legacy)/Textures/CFX_T_Ray.png using Guid(2a23c90b6f28bf849a5ac28e2e9e6e41) Importer(815301076,1909f56bfc062723c751e8b465ee728b)  -> (artifact id: '55eae581069726e18064bf2e6e8af5d4') in 0.021134 seconds 
  Import took 0.027192 seconds .

========================================================================
Received Import Request.
  Time since last request: 0.000347 seconds.
  path: Assets/JMO Assets/Cartoon FX (legacy)/Textures/CFX_T_RayRounded.png
  artifactKey: Guid(80afd895097ad144893ad78943aaf475) Importer(815301076,1909f56bfc062723c751e8b465ee728b)
Start importing Assets/JMO Assets/Cartoon FX (legacy)/Textures/CFX_T_RayRounded.png using Guid(80afd895097ad144893ad78943aaf475) Importer(815301076,1909f56bfc062723c751e8b465ee728b)  -> (artifact id: 'a7bf0a10821923008765322ffc94e2dc') in 0.014993 seconds 
  Import took 0.021241 seconds .

========================================================================
Received Import Request.
  Time since last request: 0.000481 seconds.
  path: Assets/JMO Assets/Cartoon FX (legacy)/Textures/CFX_T_Decal_BurntGround.png
  artifactKey: Guid(71c1c2c44325b4940ad94404f21c8aac) Importer(815301076,1909f56bfc062723c751e8b465ee728b)
Start importing Assets/JMO Assets/Cartoon FX (legacy)/Textures/CFX_T_Decal_BurntGround.png using Guid(71c1c2c44325b4940ad94404f21c8aac) Importer(815301076,1909f56bfc062723c751e8b465ee728b)  -> (artifact id: '0e0e52c11c0e8883169683ef1fe2b028') in 0.015194 seconds 
  Import took 0.020095 seconds .

========================================================================
Received Import Request.
  Time since last request: 0.000270 seconds.
  path: Assets/JMO Assets/Cartoon FX (legacy)/Textures/CFX_T_Anim8_SoleSmoke.png
  artifactKey: Guid(fb5afda589e4efd4ab36eef3451b7e86) Importer(815301076,1909f56bfc062723c751e8b465ee728b)
Start importing Assets/JMO Assets/Cartoon FX (legacy)/Textures/CFX_T_Anim8_SoleSmoke.png using Guid(fb5afda589e4efd4ab36eef3451b7e86) Importer(815301076,1909f56bfc062723c751e8b465ee728b)  -> (artifact id: '352e1b1a5728de3a26223936811e292a') in 0.017345 seconds 
  Import took 0.024442 seconds .

========================================================================
Received Import Request.
  Time since last request: 0.000302 seconds.
  path: Assets/JMO Assets/Cartoon FX Remaster/CFXR Assets/Graphics/cfxr electric small anim 4x2.png
  artifactKey: Guid(1d245859d55c51b4c8a708d3d521f0c0) Importer(815301076,1909f56bfc062723c751e8b465ee728b)
Start importing Assets/JMO Assets/Cartoon FX Remaster/CFXR Assets/Graphics/cfxr electric small anim 4x2.png using Guid(1d245859d55c51b4c8a708d3d521f0c0) Importer(815301076,1909f56bfc062723c751e8b465ee728b)  -> (artifact id: '381c5a7ea52b0e5044800597e2e8b168') in 0.017451 seconds 
  Import took 0.022731 seconds .

========================================================================
Received Import Request.
  Time since last request: 0.000247 seconds.
  path: Assets/JMO Assets/Cartoon FX (legacy)/Textures (Mobile)/CFXM_T_Flame2_BW.png
  artifactKey: Guid(cabaa8f95d3f8cf4ba00a342f5a0a615) Importer(815301076,1909f56bfc062723c751e8b465ee728b)
Start importing Assets/JMO Assets/Cartoon FX (legacy)/Textures (Mobile)/CFXM_T_Flame2_BW.png using Guid(cabaa8f95d3f8cf4ba00a342f5a0a615) Importer(815301076,1909f56bfc062723c751e8b465ee728b)  -> (artifact id: 'c794eafef5510c3bcc39b26fa5629a09') in 0.014785 seconds 
  Import took 0.019877 seconds .

========================================================================
Received Import Request.
  Time since last request: 0.000454 seconds.
  path: Assets/JMO Assets/Cartoon FX (legacy)/Textures/CFX_T_GasLeak.png
  artifactKey: Guid(a8ff32a2b5c45c446a31429ce5ab3372) Importer(815301076,1909f56bfc062723c751e8b465ee728b)
Start importing Assets/JMO Assets/Cartoon FX (legacy)/Textures/CFX_T_GasLeak.png using Guid(a8ff32a2b5c45c446a31429ce5ab3372) Importer(815301076,1909f56bfc062723c751e8b465ee728b)  -> (artifact id: 'ec9a8fb730fd79fdfbcba78c6cc82b83') in 0.017194 seconds 
  Import took 0.023212 seconds .

========================================================================
Received Import Request.
  Time since last request: 0.000372 seconds.
  path: Assets/JMO Assets/Cartoon FX Remaster/CFXR Assets/Graphics/cfxr smoke cloud x4.png
  artifactKey: Guid(4a4bd2804b2d1ff46ab18baabfc526da) Importer(815301076,1909f56bfc062723c751e8b465ee728b)
Start importing Assets/JMO Assets/Cartoon FX Remaster/CFXR Assets/Graphics/cfxr smoke cloud x4.png using Guid(4a4bd2804b2d1ff46ab18baabfc526da) Importer(815301076,1909f56bfc062723c751e8b465ee728b)  -> (artifact id: '659310ba638b6ddc8aefc60c7b25c33b') in 0.015292 seconds 
  Import took 0.022525 seconds .

========================================================================
Received Import Request.
  Time since last request: 0.000322 seconds.
  path: Assets/JMO Assets/Cartoon FX (legacy)/Textures/CFX_T_Skull.png
  artifactKey: Guid(a3830d369df2cfc478d7dcdfcf71157c) Importer(815301076,1909f56bfc062723c751e8b465ee728b)
Start importing Assets/JMO Assets/Cartoon FX (legacy)/Textures/CFX_T_Skull.png using Guid(a3830d369df2cfc478d7dcdfcf71157c) Importer(815301076,1909f56bfc062723c751e8b465ee728b)  -> (artifact id: '7388829beff2b64b7e7b43ae911e4452') in 0.016153 seconds 
  Import took 0.022846 seconds .

========================================================================
Received Import Request.
  Time since last request: 0.000253 seconds.
  path: Assets/JMO Assets/Cartoon FX (legacy)/Textures (Mobile)/CFXM_T_Tornado.png
  artifactKey: Guid(b00dc4e533d634c40a4fc16860780c0f) Importer(815301076,1909f56bfc062723c751e8b465ee728b)
Start importing Assets/JMO Assets/Cartoon FX (legacy)/Textures (Mobile)/CFXM_T_Tornado.png using Guid(b00dc4e533d634c40a4fc16860780c0f) Importer(815301076,1909f56bfc062723c751e8b465ee728b)  -> (artifact id: 'f43d91621cde0757d3197f49239ebb67') in 0.017960 seconds 
  Import took 0.023931 seconds .

========================================================================
Received Import Request.
  Time since last request: 0.000282 seconds.
  path: Assets/JMO Assets/Cartoon FX (legacy)/Textures/CFX_T_Bolt.png
  artifactKey: Guid(347a4af640f58824d8438fae9b34a012) Importer(815301076,1909f56bfc062723c751e8b465ee728b)
Start importing Assets/JMO Assets/Cartoon FX (legacy)/Textures/CFX_T_Bolt.png using Guid(347a4af640f58824d8438fae9b34a012) Importer(815301076,1909f56bfc062723c751e8b465ee728b)  -> (artifact id: '1c44cad1428a1458ef25163591d2aa2b') in 0.014805 seconds 
  Import took 0.022239 seconds .

========================================================================
Received Import Request.
  Time since last request: 0.000409 seconds.
  path: Assets/JMO Assets/Cartoon FX (legacy)/Textures/CFX_T_Smoke_4Frames.tga
  artifactKey: Guid(3d70761f9ae377945a3aad2a3936df5e) Importer(815301076,1909f56bfc062723c751e8b465ee728b)
Start importing Assets/JMO Assets/Cartoon FX (legacy)/Textures/CFX_T_Smoke_4Frames.tga using Guid(3d70761f9ae377945a3aad2a3936df5e) Importer(815301076,1909f56bfc062723c751e8b465ee728b)  -> (artifact id: 'e908df3c9d2dcd1b64ddd7cdfbd3e0ad') in 0.018938 seconds 
  Import took 0.025342 seconds .

========================================================================
Received Import Request.
  Time since last request: 0.000371 seconds.
  path: Assets/JMO Assets/Cartoon FX (legacy)/Textures/CFX_T_Bubble_ABP.png
  artifactKey: Guid(759b8a98a013cec41a7c3d3aa31cc570) Importer(815301076,1909f56bfc062723c751e8b465ee728b)
Start importing Assets/JMO Assets/Cartoon FX (legacy)/Textures/CFX_T_Bubble_ABP.png using Guid(759b8a98a013cec41a7c3d3aa31cc570) Importer(815301076,1909f56bfc062723c751e8b465ee728b)  -> (artifact id: 'c63e429832b51ee69b0dd380e5221907') in 0.015676 seconds 
  Import took 0.021216 seconds .

========================================================================
Received Import Request.
  Time since last request: 0.000304 seconds.
  path: Assets/JMO Assets/Cartoon FX (legacy)/Textures/CFX_T_Flame1.png
  artifactKey: Guid(74dc7f41255716a4aa5d7b0415e73b07) Importer(815301076,1909f56bfc062723c751e8b465ee728b)
Start importing Assets/JMO Assets/Cartoon FX (legacy)/Textures/CFX_T_Flame1.png using Guid(74dc7f41255716a4aa5d7b0415e73b07) Importer(815301076,1909f56bfc062723c751e8b465ee728b)  -> (artifact id: '4b76d36bdcb19aefed6f68362b224445') in 0.018123 seconds 
  Import took 0.024601 seconds .

========================================================================
Received Import Request.
  Time since last request: 0.000385 seconds.
  path: Assets/JMO Assets/Cartoon FX (legacy)/Textures/CFX_T_Anim8_Triangle2.png
  artifactKey: Guid(398da4b026da3fd4dbe04dfc2ba43f09) Importer(815301076,1909f56bfc062723c751e8b465ee728b)
Start importing Assets/JMO Assets/Cartoon FX (legacy)/Textures/CFX_T_Anim8_Triangle2.png using Guid(398da4b026da3fd4dbe04dfc2ba43f09) Importer(815301076,1909f56bfc062723c751e8b465ee728b)  -> (artifact id: '37988e5e8d7fb689619eef7075ffd7bc') in 0.020287 seconds 
  Import took 0.026688 seconds .

========================================================================
Received Import Request.
  Time since last request: 0.000310 seconds.
  path: Assets/JMO Assets/Cartoon FX (legacy)/Textures/CFX_T_SpacedLine.png
  artifactKey: Guid(31ea030e6226b8241a5cfea71dc780f1) Importer(815301076,1909f56bfc062723c751e8b465ee728b)
Start importing Assets/JMO Assets/Cartoon FX (legacy)/Textures/CFX_T_SpacedLine.png using Guid(31ea030e6226b8241a5cfea71dc780f1) Importer(815301076,1909f56bfc062723c751e8b465ee728b)  -> (artifact id: '30333b64605ab79eb348a753622776e2') in 0.016154 seconds 
  Import took 0.022067 seconds .

========================================================================
Received Import Request.
  Time since last request: 0.000303 seconds.
  path: Assets/JMO Assets/Cartoon FX Remaster/CFXR Assets/Graphics/cfxr electric arc anim x4.png
  artifactKey: Guid(0badb2586ed1fe64db1a9fc0e2776e10) Importer(815301076,1909f56bfc062723c751e8b465ee728b)
Start importing Assets/JMO Assets/Cartoon FX Remaster/CFXR Assets/Graphics/cfxr electric arc anim x4.png using Guid(0badb2586ed1fe64db1a9fc0e2776e10) Importer(815301076,1909f56bfc062723c751e8b465ee728b)  -> (artifact id: '72ede9375947f427d2665864924b3303') in 0.016237 seconds 
  Import took 0.021611 seconds .

========================================================================
Received Import Request.
  Time since last request: 0.000264 seconds.
  path: Assets/JMO Assets/Cartoon FX (legacy)/Textures/CFX_T_Foam.png
  artifactKey: Guid(c4d5aed015bc1e74f8c8f6329edb4fbb) Importer(815301076,1909f56bfc062723c751e8b465ee728b)
Start importing Assets/JMO Assets/Cartoon FX (legacy)/Textures/CFX_T_Foam.png using Guid(c4d5aed015bc1e74f8c8f6329edb4fbb) Importer(815301076,1909f56bfc062723c751e8b465ee728b)  -> (artifact id: 'c83414d5194586591c3b4b4e4a7bcaa2') in 0.017239 seconds 
  Import took 0.025032 seconds .

========================================================================
Received Import Request.
  Time since last request: 0.000269 seconds.
  path: Assets/JMO Assets/Cartoon FX (legacy)/Textures/CFX_T_Flame1_BW.png
  artifactKey: Guid(93eb54d38eac95444a6438b64496cc72) Importer(815301076,1909f56bfc062723c751e8b465ee728b)
Start importing Assets/JMO Assets/Cartoon FX (legacy)/Textures/CFX_T_Flame1_BW.png using Guid(93eb54d38eac95444a6438b64496cc72) Importer(815301076,1909f56bfc062723c751e8b465ee728b)  -> (artifact id: '6929922dc3e9f279345101b97f32901a') in 0.021072 seconds 
  Import took 0.026302 seconds .

========================================================================
Received Import Request.
  Time since last request: 0.000270 seconds.
  path: Assets/JMO Assets/Cartoon FX Remaster/CFXR Assets/Graphics/cfxr ember blur.png
  artifactKey: Guid(209460ccb2aaaf847a61d7e73c92f193) Importer(815301076,1909f56bfc062723c751e8b465ee728b)
Start importing Assets/JMO Assets/Cartoon FX Remaster/CFXR Assets/Graphics/cfxr ember blur.png using Guid(209460ccb2aaaf847a61d7e73c92f193) Importer(815301076,1909f56bfc062723c751e8b465ee728b)  -> (artifact id: '78b550f9e2072540ba5bca19ad9ce3a6') in 0.016833 seconds 
  Import took 0.023314 seconds .

========================================================================
Received Import Request.
  Time since last request: 0.000270 seconds.
  path: Assets/JMO Assets/Cartoon FX (legacy)/Textures/CFX_T_Flame1_BW_AB.png
  artifactKey: Guid(1b4f3dcbb1451c5479998ab887ac0210) Importer(815301076,1909f56bfc062723c751e8b465ee728b)
Start importing Assets/JMO Assets/Cartoon FX (legacy)/Textures/CFX_T_Flame1_BW_AB.png using Guid(1b4f3dcbb1451c5479998ab887ac0210) Importer(815301076,1909f56bfc062723c751e8b465ee728b)  -> (artifact id: 'c40eb99db467c7ac1a85dbcaa86841a9') in 0.018891 seconds 
  Import took 0.025772 seconds .

========================================================================
Received Import Request.
  Time since last request: 0.000298 seconds.
  path: Assets/JMO Assets/Cartoon FX (legacy)/Textures (Mobile)/CFXM_T_Flame1.png
  artifactKey: Guid(be8fc099992254c46b08c45277d908cc) Importer(815301076,1909f56bfc062723c751e8b465ee728b)
Start importing Assets/JMO Assets/Cartoon FX (legacy)/Textures (Mobile)/CFXM_T_Flame1.png using Guid(be8fc099992254c46b08c45277d908cc) Importer(815301076,1909f56bfc062723c751e8b465ee728b)  -> (artifact id: '39c2e00f086f0e132cfcd5adc8cd36de') in 0.015107 seconds 
  Import took 0.021289 seconds .

========================================================================
Received Import Request.
  Time since last request: 0.000322 seconds.
  path: Assets/JMO Assets/Cartoon FX (legacy)/Textures/CFX_T_SpacedSpike.png
  artifactKey: Guid(ebbcc38b2a5a365429d42c1e4c7ebf21) Importer(815301076,1909f56bfc062723c751e8b465ee728b)
Start importing Assets/JMO Assets/Cartoon FX (legacy)/Textures/CFX_T_SpacedSpike.png using Guid(ebbcc38b2a5a365429d42c1e4c7ebf21) Importer(815301076,1909f56bfc062723c751e8b465ee728b)  -> (artifact id: '6a8a8e211abe3d37940f1353253ea520') in 0.014784 seconds 
  Import took 0.021311 seconds .

========================================================================
Received Prepare
Registering precompiled user dll's ...
Registered in 0.014371 seconds.
Begin MonoManager ReloadAssembly
Native extension for WindowsStandalone target not found
Refreshing native plugins compatible for Editor in 0.88 ms, found 3 plugins.
Preloading 0 native plugins for Editor in 0.00 ms.
Mono: successfully reloaded assembly
- Completed reload, in  1.641 seconds
Platform modules already initialized, skipping
Refreshing native plugins compatible for Editor in 1.21 ms, found 3 plugins.
Preloading 0 native plugins for Editor in 0.00 ms.
Unloading 2335 Unused Serialized files (Serialized files now loaded: 0)
System memory in use before: 109.8 MB.
System memory in use after: 109.9 MB.

Unloading 22 unused Assets to reduce memory usage. Loaded Objects now: 2883.
Total: 2.930300 ms (FindLiveObjects: 0.324000 ms CreateObjectMapping: 0.121100 ms MarkObjects: 2.348100 ms  DeleteObjects: 0.135700 ms)

AssetImportParameters requested are different than current active one (requested -> active):
  custom:framework-win-MediaFoundation: 216162199b28c13a410421893ffa2e32 -> 
  custom:video-decoder-ogg-theora: a1e56fd34408186e4bbccfd4996cb3dc -> 
  custom:container-muxer-webm: aa71ff27fc2769a1b78a27578f13a17b -> 
  custom:container-demuxer-webm: 4f35f7cbe854078d1ac9338744f61a02 -> 
  custom:container-demuxer-ogg: 62fdf1f143b41e24485cea50d1cbac27 -> 
  custom:video-encoder-webm-vp8: eb34c28f22e8b96e1ab97ce403110664 -> 
  custom:video-decoder-webm-vp8: 9c59270c3fd7afecdb556c50c9e8de78 -> 
  custom:audio-decoder-ogg-vorbis: bf7c407c2cedff20999df2af8eb42d56 -> 
  custom:audio-encoder-webm-vorbis: bf7c407c2cedff20999df2af8eb42d56 -> 
========================================================================
Received Import Request.
  Time since last request: 246.204226 seconds.
  path: Assets/Playerlogo.png
  artifactKey: Guid(90e55a334e24cf9478f893374e1d2289) Importer(815301076,1909f56bfc062723c751e8b465ee728b)
Start importing Assets/Playerlogo.png using Guid(90e55a334e24cf9478f893374e1d2289) Importer(815301076,1909f56bfc062723c751e8b465ee728b)  -> (artifact id: '57a3cb51bb6bf3bbf76e058ed9ab80fd') in 0.080501 seconds 
  Import took 0.087972 seconds .

========================================================================
Received Prepare
Refreshing native plugins compatible for Editor in 17.84 ms, found 3 plugins.
Preloading 0 native plugins for Editor in 0.00 ms.
Unloading 19 Unused Serialized files (Serialized files now loaded: 0)
System memory in use before: 64.0 MB.
System memory in use after: 64.1 MB.

Unloading 19 unused Assets to reduce memory usage. Loaded Objects now: 2886.
Total: 4.051600 ms (FindLiveObjects: 0.305200 ms CreateObjectMapping: 0.101700 ms MarkObjects: 3.510500 ms  DeleteObjects: 0.132100 ms)

AssetImportParameters requested are different than current active one (requested -> active):
  custom:framework-win-MediaFoundation: 216162199b28c13a410421893ffa2e32 -> 
  custom:video-decoder-ogg-theora: a1e56fd34408186e4bbccfd4996cb3dc -> 
  custom:container-muxer-webm: aa71ff27fc2769a1b78a27578f13a17b -> 
  custom:container-demuxer-webm: 4f35f7cbe854078d1ac9338744f61a02 -> 
  custom:container-demuxer-ogg: 62fdf1f143b41e24485cea50d1cbac27 -> 
  custom:video-encoder-webm-vp8: eb34c28f22e8b96e1ab97ce403110664 -> 
  custom:video-decoder-webm-vp8: 9c59270c3fd7afecdb556c50c9e8de78 -> 
  custom:audio-decoder-ogg-vorbis: bf7c407c2cedff20999df2af8eb42d56 -> 
  custom:audio-encoder-webm-vorbis: bf7c407c2cedff20999df2af8eb42d56 -> 
========================================================================
Received Prepare
Registering precompiled user dll's ...
Registered in 0.020645 seconds.
Begin MonoManager ReloadAssembly
Native extension for WindowsStandalone target not found
Refreshing native plugins compatible for Editor in 0.73 ms, found 3 plugins.
Preloading 0 native plugins for Editor in 0.00 ms.
Mono: successfully reloaded assembly
- Completed reload, in  1.922 seconds
Platform modules already initialized, skipping
Refreshing native plugins compatible for Editor in 3.74 ms, found 3 plugins.
Preloading 0 native plugins for Editor in 0.00 ms.
Unloading 2335 Unused Serialized files (Serialized files now loaded: 0)
System memory in use before: 109.8 MB.
System memory in use after: 109.9 MB.

Unloading 22 unused Assets to reduce memory usage. Loaded Objects now: 2890.
Total: 8.407100 ms (FindLiveObjects: 1.583100 ms CreateObjectMapping: 1.054100 ms MarkObjects: 5.548000 ms  DeleteObjects: 0.219200 ms)

AssetImportParameters requested are different than current active one (requested -> active):
  custom:framework-win-MediaFoundation: 216162199b28c13a410421893ffa2e32 -> 
  custom:video-decoder-ogg-theora: a1e56fd34408186e4bbccfd4996cb3dc -> 
  custom:container-muxer-webm: aa71ff27fc2769a1b78a27578f13a17b -> 
  custom:container-demuxer-webm: 4f35f7cbe854078d1ac9338744f61a02 -> 
  custom:container-demuxer-ogg: 62fdf1f143b41e24485cea50d1cbac27 -> 
  custom:video-encoder-webm-vp8: eb34c28f22e8b96e1ab97ce403110664 -> 
  custom:video-decoder-webm-vp8: 9c59270c3fd7afecdb556c50c9e8de78 -> 
  custom:audio-decoder-ogg-vorbis: bf7c407c2cedff20999df2af8eb42d56 -> 
  custom:audio-encoder-webm-vorbis: bf7c407c2cedff20999df2af8eb42d56 -> 
========================================================================
Received Prepare
Registering precompiled user dll's ...
Registered in 0.013752 seconds.
Begin MonoManager ReloadAssembly
Native extension for WindowsStandalone target not found
Refreshing native plugins compatible for Editor in 2.69 ms, found 3 plugins.
Preloading 0 native plugins for Editor in 0.00 ms.
Mono: successfully reloaded assembly
- Completed reload, in  6.546 seconds
Platform modules already initialized, skipping
Refreshing native plugins compatible for Editor in 1.94 ms, found 3 plugins.
Preloading 0 native plugins for Editor in 0.00 ms.
Unloading 2335 Unused Serialized files (Serialized files now loaded: 0)
System memory in use before: 109.8 MB.
System memory in use after: 109.9 MB.

Unloading 22 unused Assets to reduce memory usage. Loaded Objects now: 2894.
Total: 4.030300 ms (FindLiveObjects: 0.385100 ms CreateObjectMapping: 0.154400 ms MarkObjects: 3.214300 ms  DeleteObjects: 0.274000 ms)

AssetImportParameters requested are different than current active one (requested -> active):
  custom:framework-win-MediaFoundation: 216162199b28c13a410421893ffa2e32 -> 
  custom:video-decoder-ogg-theora: a1e56fd34408186e4bbccfd4996cb3dc -> 
  custom:container-muxer-webm: aa71ff27fc2769a1b78a27578f13a17b -> 
  custom:container-demuxer-webm: 4f35f7cbe854078d1ac9338744f61a02 -> 
  custom:container-demuxer-ogg: 62fdf1f143b41e24485cea50d1cbac27 -> 
  custom:video-encoder-webm-vp8: eb34c28f22e8b96e1ab97ce403110664 -> 
  custom:video-decoder-webm-vp8: 9c59270c3fd7afecdb556c50c9e8de78 -> 
  custom:audio-decoder-ogg-vorbis: bf7c407c2cedff20999df2af8eb42d56 -> 
  custom:audio-encoder-webm-vorbis: bf7c407c2cedff20999df2af8eb42d56 -> 
========================================================================
Received Prepare
Refreshing native plugins compatible for Editor in 10.03 ms, found 3 plugins.
Preloading 0 native plugins for Editor in 0.00 ms.
Unloading 19 Unused Serialized files (Serialized files now loaded: 0)
System memory in use before: 64.0 MB.
System memory in use after: 64.1 MB.

Unloading 19 unused Assets to reduce memory usage. Loaded Objects now: 2894.
Total: 3.065100 ms (FindLiveObjects: 0.266200 ms CreateObjectMapping: 0.125600 ms MarkObjects: 2.548000 ms  DeleteObjects: 0.124300 ms)

AssetImportParameters requested are different than current active one (requested -> active):
  custom:framework-win-MediaFoundation: 216162199b28c13a410421893ffa2e32 -> 
  custom:video-decoder-ogg-theora: a1e56fd34408186e4bbccfd4996cb3dc -> 
  custom:container-muxer-webm: aa71ff27fc2769a1b78a27578f13a17b -> 
  custom:container-demuxer-webm: 4f35f7cbe854078d1ac9338744f61a02 -> 
  custom:container-demuxer-ogg: 62fdf1f143b41e24485cea50d1cbac27 -> 
  custom:video-encoder-webm-vp8: eb34c28f22e8b96e1ab97ce403110664 -> 
  custom:video-decoder-webm-vp8: 9c59270c3fd7afecdb556c50c9e8de78 -> 
  custom:audio-decoder-ogg-vorbis: bf7c407c2cedff20999df2af8eb42d56 -> 
  custom:audio-encoder-webm-vorbis: bf7c407c2cedff20999df2af8eb42d56 -> 
========================================================================
Received Prepare
Refreshing native plugins compatible for Editor in 10.18 ms, found 3 plugins.
Preloading 0 native plugins for Editor in 0.00 ms.
Unloading 19 Unused Serialized files (Serialized files now loaded: 0)
System memory in use before: 64.0 MB.
System memory in use after: 64.1 MB.

Unloading 19 unused Assets to reduce memory usage. Loaded Objects now: 2894.
Total: 3.154500 ms (FindLiveObjects: 0.233300 ms CreateObjectMapping: 0.114700 ms MarkObjects: 2.700100 ms  DeleteObjects: 0.105600 ms)

AssetImportParameters requested are different than current active one (requested -> active):
  custom:framework-win-MediaFoundation: 216162199b28c13a410421893ffa2e32 -> 
  custom:video-decoder-ogg-theora: a1e56fd34408186e4bbccfd4996cb3dc -> 
  custom:container-muxer-webm: aa71ff27fc2769a1b78a27578f13a17b -> 
  custom:container-demuxer-webm: 4f35f7cbe854078d1ac9338744f61a02 -> 
  custom:container-demuxer-ogg: 62fdf1f143b41e24485cea50d1cbac27 -> 
  custom:video-encoder-webm-vp8: eb34c28f22e8b96e1ab97ce403110664 -> 
  custom:video-decoder-webm-vp8: 9c59270c3fd7afecdb556c50c9e8de78 -> 
  custom:audio-decoder-ogg-vorbis: bf7c407c2cedff20999df2af8eb42d56 -> 
  custom:audio-encoder-webm-vorbis: bf7c407c2cedff20999df2af8eb42d56 -> 
========================================================================
Received Prepare
Registering precompiled user dll's ...
Registered in 0.014573 seconds.
Begin MonoManager ReloadAssembly
Native extension for WindowsStandalone target not found
Refreshing native plugins compatible for Editor in 0.85 ms, found 3 plugins.
Preloading 0 native plugins for Editor in 0.00 ms.
Mono: successfully reloaded assembly
- Completed reload, in  6.402 seconds
Platform modules already initialized, skipping
Refreshing native plugins compatible for Editor in 0.66 ms, found 3 plugins.
Preloading 0 native plugins for Editor in 0.00 ms.
Unloading 2335 Unused Serialized files (Serialized files now loaded: 0)
System memory in use before: 109.9 MB.
System memory in use after: 110.0 MB.

Unloading 22 unused Assets to reduce memory usage. Loaded Objects now: 2898.
Total: 3.253300 ms (FindLiveObjects: 0.277700 ms CreateObjectMapping: 0.140200 ms MarkObjects: 2.689300 ms  DeleteObjects: 0.144500 ms)

AssetImportParameters requested are different than current active one (requested -> active):
  custom:framework-win-MediaFoundation: 216162199b28c13a410421893ffa2e32 -> 
  custom:video-decoder-ogg-theora: a1e56fd34408186e4bbccfd4996cb3dc -> 
  custom:container-muxer-webm: aa71ff27fc2769a1b78a27578f13a17b -> 
  custom:container-demuxer-webm: 4f35f7cbe854078d1ac9338744f61a02 -> 
  custom:container-demuxer-ogg: 62fdf1f143b41e24485cea50d1cbac27 -> 
  custom:video-encoder-webm-vp8: eb34c28f22e8b96e1ab97ce403110664 -> 
  custom:video-decoder-webm-vp8: 9c59270c3fd7afecdb556c50c9e8de78 -> 
  custom:audio-decoder-ogg-vorbis: bf7c407c2cedff20999df2af8eb42d56 -> 
  custom:audio-encoder-webm-vorbis: bf7c407c2cedff20999df2af8eb42d56 -> 
========================================================================
Received Prepare
Refreshing native plugins compatible for Editor in 10.09 ms, found 3 plugins.
Preloading 0 native plugins for Editor in 0.00 ms.
Unloading 19 Unused Serialized files (Serialized files now loaded: 0)
System memory in use before: 64.0 MB.
System memory in use after: 64.1 MB.

Unloading 19 unused Assets to reduce memory usage. Loaded Objects now: 2898.
Total: 3.375400 ms (FindLiveObjects: 0.245000 ms CreateObjectMapping: 0.143200 ms MarkObjects: 2.855000 ms  DeleteObjects: 0.131300 ms)

AssetImportParameters requested are different than current active one (requested -> active):
  custom:framework-win-MediaFoundation: 216162199b28c13a410421893ffa2e32 -> 
  custom:video-decoder-ogg-theora: a1e56fd34408186e4bbccfd4996cb3dc -> 
  custom:container-muxer-webm: aa71ff27fc2769a1b78a27578f13a17b -> 
  custom:container-demuxer-webm: 4f35f7cbe854078d1ac9338744f61a02 -> 
  custom:container-demuxer-ogg: 62fdf1f143b41e24485cea50d1cbac27 -> 
  custom:video-encoder-webm-vp8: eb34c28f22e8b96e1ab97ce403110664 -> 
  custom:video-decoder-webm-vp8: 9c59270c3fd7afecdb556c50c9e8de78 -> 
  custom:audio-decoder-ogg-vorbis: bf7c407c2cedff20999df2af8eb42d56 -> 
  custom:audio-encoder-webm-vorbis: bf7c407c2cedff20999df2af8eb42d56 -> 
AssetImportWorkerClient::OnTransportError - code=2 error=End of file
